2023-11-29 21:20:57 [scrapy.middleware] INFO: Enabled downloader middlewares:
['scrapy.downloadermiddlewares.httpauth.HttpAuthMiddleware',
 'scrapy.downloadermiddlewares.downloadtimeout.DownloadTimeoutMiddleware',
 'scrapy.downloadermiddlewares.defaultheaders.DefaultHeadersMiddleware',
 'scrapy.downloadermiddlewares.useragent.UserAgentMiddleware',
 'scrapy.downloadermiddlewares.retry.RetryMiddleware',
 'scrapy.downloadermiddlewares.redirect.MetaRefreshMiddleware',
 'scrapy.downloadermiddlewares.httpcompression.HttpCompressionMiddleware',
 'scrapy.downloadermiddlewares.redirect.RedirectMiddleware',
 'scrapy.downloadermiddlewares.httpproxy.HttpProxyMiddleware',
 'scrapy.downloadermiddlewares.stats.DownloaderStats']
2023-11-29 21:20:57 [scrapy.middleware] INFO: Enabled spider middlewares:
['scrapy.spidermiddlewares.httperror.HttpErrorMiddleware',
 'scrapy.spidermiddlewares.offsite.OffsiteMiddleware',
 'scrapy.spidermiddlewares.referer.RefererMiddleware',
 'scrapy.spidermiddlewares.urllength.UrlLengthMiddleware',
 'scrapy.spidermiddlewares.depth.DepthMiddleware']
2023-11-29 21:20:57 [scrapy.middleware] INFO: Enabled item pipelines:
['__main__.CustomPipeline', '__main__.HtmlPipeline']
2023-11-29 21:20:57 [scrapy.core.engine] INFO: Spider opened
2023-11-29 21:20:57 [scrapy.extensions.logstats] INFO: Crawled 0 pages (at 0 pages/min), scraped 0 items (at 0 items/min)
2023-11-29 21:20:57 [scrapy.extensions.telnet] INFO: Telnet console listening on 127.0.0.1:6023
2023-11-29 21:20:57 [scrapy-playwright] INFO: Starting download handler
2023-11-29 21:20:57 [scrapy-playwright] INFO: Starting download handler
2023-11-29 21:21:02 [scrapy-playwright] INFO: Launching browser chromium
2023-11-29 21:21:03 [scrapy-playwright] INFO: Browser chromium launched
2023-11-29 21:21:09 [root] WARNING: Timeout 1000ms exceeded.
=========================== logs ===========================
waiting for locator("div.description__text.description__text--rich") to be visible
  locator resolved to hidden <div class="description__text description__text--rich">…</div>
  locator resolved to hidden <div class="description__text description__text--rich">…</div>
  locator resolved to hidden <div class="description__text description__text--rich">…</div>
  locator resolved to hidden <div class="description__text description__text--rich">…</div>
  locator resolved to hidden <div class="description__text description__text--rich">…</div>
  locator resolved to hidden <div class="description__text description__text--rich">…</div>
  locator resolved to hidden <div class="description__text description__text--rich">…</div>
============================================================
2023-11-29 21:21:11 [root] WARNING: Timeout 1000ms exceeded.
=========================== logs ===========================
waiting for locator("div.description__text.description__text--rich") to be visible
  locator resolved to hidden <div class="description__text description__text--rich">…</div>
  locator resolved to hidden <div class="description__text description__text--rich">…</div>
  locator resolved to hidden <div class="description__text description__text--rich">…</div>
  locator resolved to hidden <div class="description__text description__text--rich">…</div>
  locator resolved to hidden <div class="description__text description__text--rich">…</div>
  locator resolved to hidden <div class="description__text description__text--rich">…</div>
  locator resolved to hidden <div class="description__text description__text--rich">…</div>
============================================================
2023-11-29 21:21:14 [root] WARNING: Timeout 1000ms exceeded.
=========================== logs ===========================
waiting for locator("div.description__text.description__text--rich") to be visible
  locator resolved to hidden <div class="description__text description__text--rich">…</div>
  locator resolved to hidden <div class="description__text description__text--rich">…</div>
  locator resolved to hidden <div class="description__text description__text--rich">…</div>
  locator resolved to hidden <div class="description__text description__text--rich">…</div>
  locator resolved to hidden <div class="description__text description__text--rich">…</div>
  locator resolved to hidden <div class="description__text description__text--rich">…</div>
  locator resolved to hidden <div class="description__text description__text--rich">…</div>
============================================================
2023-11-29 21:21:25 [root] WARNING: Timeout 1000ms exceeded.
=========================== logs ===========================
waiting for locator("div.description__text.description__text--rich") to be visible
  locator resolved to hidden <div class="description__text description__text--rich">…</div>
  locator resolved to hidden <div class="description__text description__text--rich">…</div>
  locator resolved to hidden <div class="description__text description__text--rich">…</div>
  locator resolved to hidden <div class="description__text description__text--rich">…</div>
  locator resolved to hidden <div class="description__text description__text--rich">…</div>
  locator resolved to hidden <div class="description__text description__text--rich">…</div>
  locator resolved to hidden <div class="description__text description__text--rich">…</div>
============================================================
2023-11-29 21:21:34 [root] WARNING: Timeout 1000ms exceeded.
=========================== logs ===========================
waiting for locator("div.description__text.description__text--rich") to be visible
  locator resolved to hidden <div class="description__text description__text--rich">…</div>
  locator resolved to hidden <div class="description__text description__text--rich">…</div>
  locator resolved to hidden <div class="description__text description__text--rich">…</div>
  locator resolved to hidden <div class="description__text description__text--rich">…</div>
  locator resolved to hidden <div class="description__text description__text--rich">…</div>
  locator resolved to hidden <div class="description__text description__text--rich">…</div>
  locator resolved to hidden <div class="description__text description__text--rich">…</div>
============================================================
2023-11-29 21:21:36 [root] WARNING: Timeout 1000ms exceeded.
=========================== logs ===========================
waiting for locator("div.description__text.description__text--rich") to be visible
  locator resolved to hidden <div class="description__text description__text--rich">…</div>
  locator resolved to hidden <div class="description__text description__text--rich">…</div>
  locator resolved to hidden <div class="description__text description__text--rich">…</div>
  locator resolved to hidden <div class="description__text description__text--rich">…</div>
  locator resolved to hidden <div class="description__text description__text--rich">…</div>
  locator resolved to hidden <div class="description__text description__text--rich">…</div>
  locator resolved to hidden <div class="description__text description__text--rich">…</div>
============================================================
2023-11-29 21:21:38 [root] WARNING: Timeout 1000ms exceeded.
=========================== logs ===========================
waiting for locator("div.description__text.description__text--rich") to be visible
  locator resolved to hidden <div class="description__text description__text--rich">…</div>
  locator resolved to hidden <div class="description__text description__text--rich">…</div>
  locator resolved to hidden <div class="description__text description__text--rich">…</div>
  locator resolved to hidden <div class="description__text description__text--rich">…</div>
  locator resolved to hidden <div class="description__text description__text--rich">…</div>
  locator resolved to hidden <div class="description__text description__text--rich">…</div>
  locator resolved to hidden <div class="description__text description__text--rich">…</div>
============================================================
2023-11-29 21:21:48 [root] WARNING: Timeout 1000ms exceeded.
=========================== logs ===========================
waiting for locator("div.description__text.description__text--rich") to be visible
  locator resolved to hidden <div class="description__text description__text--rich">…</div>
  locator resolved to hidden <div class="description__text description__text--rich">…</div>
  locator resolved to hidden <div class="description__text description__text--rich">…</div>
  locator resolved to hidden <div class="description__text description__text--rich">…</div>
  locator resolved to hidden <div class="description__text description__text--rich">…</div>
  locator resolved to hidden <div class="description__text description__text--rich">…</div>
  locator resolved to hidden <div class="description__text description__text--rich">…</div>
============================================================
2023-11-29 21:21:50 [root] WARNING: Timeout 1000ms exceeded.
=========================== logs ===========================
waiting for locator("div.description__text.description__text--rich") to be visible
  locator resolved to hidden <div class="description__text description__text--rich">…</div>
  locator resolved to hidden <div class="description__text description__text--rich">…</div>
  locator resolved to hidden <div class="description__text description__text--rich">…</div>
  locator resolved to hidden <div class="description__text description__text--rich">…</div>
  locator resolved to hidden <div class="description__text description__text--rich">…</div>
  locator resolved to hidden <div class="description__text description__text--rich">…</div>
  locator resolved to hidden <div class="description__text description__text--rich">…</div>
============================================================
2023-11-29 21:21:50 [scrapy.core.engine] INFO: Closing spider (finished)
2023-11-29 21:21:50 [scrapy.statscollectors] INFO: Dumping Scrapy stats:
{'downloader/request_bytes': 322,
 'downloader/request_count': 1,
 'downloader/request_method_count/GET': 1,
 'downloader/response_bytes': 168270,
 'downloader/response_count': 1,
 'downloader/response_status_count/200': 1,
 'elapsed_time_seconds': 52.432631,
 'finish_reason': 'finished',
 'finish_time': datetime.datetime(2023, 11, 29, 18, 21, 50, 203899, tzinfo=datetime.timezone.utc),
 'item_scraped_count': 25,
 'log_count/INFO': 14,
 'log_count/WARNING': 10,
 'memusage/max': 62758912,
 'memusage/startup': 62758912,
 'playwright/context_count': 1,
 'playwright/context_count/max_concurrent': 1,
 'playwright/context_count/persistent/False': 1,
 'playwright/context_count/remote/False': 1,
 'playwright/page_count': 1,
 'playwright/page_count/max_concurrent': 1,
 'playwright/request_count': 616,
 'playwright/request_count/method/GET': 463,
 'playwright/request_count/method/HEAD': 20,
 'playwright/request_count/method/POST': 133,
 'playwright/request_count/navigation': 2,
 'playwright/request_count/resource_type/document': 2,
 'playwright/request_count/resource_type/fetch': 320,
 'playwright/request_count/resource_type/image': 209,
 'playwright/request_count/resource_type/ping': 27,
 'playwright/request_count/resource_type/script': 11,
 'playwright/request_count/resource_type/stylesheet': 1,
 'playwright/request_count/resource_type/xhr': 46,
 'playwright/response_count': 616,
 'playwright/response_count/method/GET': 463,
 'playwright/response_count/method/HEAD': 20,
 'playwright/response_count/method/POST': 133,
 'playwright/response_count/resource_type/document': 2,
 'playwright/response_count/resource_type/fetch': 320,
 'playwright/response_count/resource_type/image': 209,
 'playwright/response_count/resource_type/ping': 27,
 'playwright/response_count/resource_type/script': 11,
 'playwright/response_count/resource_type/stylesheet': 1,
 'playwright/response_count/resource_type/xhr': 46,
 'response_received_count': 1,
 'scheduler/dequeued': 1,
 'scheduler/dequeued/memory': 1,
 'scheduler/enqueued': 1,
 'scheduler/enqueued/memory': 1,
 'start_time': datetime.datetime(2023, 11, 29, 18, 20, 57, 771268, tzinfo=datetime.timezone.utc)}
2023-11-29 21:21:50 [scrapy.core.engine] INFO: Spider closed (finished)
2023-11-29 21:21:50 [scrapy-playwright] INFO: Closing download handler
2023-11-29 21:21:50 [scrapy-playwright] INFO: Closing download handler
2023-11-29 21:21:50 [scrapy-playwright] INFO: Closing browser
